<?xml version="1.0" encoding="UTF-8"?>
<testsuite name="asw.springboot.rest.s2.S2ApplicationTests" tests="1" skipped="0" failures="0" errors="0" timestamp="2017-05-12T12:40:27" hostname="dev" time="0.992">
  <properties/>
  <testcase name="contextLoads" classname="asw.springboot.rest.s2.S2ApplicationTests" time="0.992"/>
  <system-out><![CDATA[12:40:04.712 [Test worker] DEBUG org.springframework.test.context.junit4.SpringJUnit4ClassRunner - SpringJUnit4ClassRunner constructor called with [class asw.springboot.rest.s2.S2ApplicationTests]
12:40:04.750 [Test worker] DEBUG org.springframework.test.context.BootstrapUtils - Instantiating CacheAwareContextLoaderDelegate from class [org.springframework.test.context.cache.DefaultCacheAwareContextLoaderDelegate]
12:40:04.853 [Test worker] DEBUG org.springframework.test.context.BootstrapUtils - Instantiating BootstrapContext using constructor [public org.springframework.test.context.support.DefaultBootstrapContext(java.lang.Class,org.springframework.test.context.CacheAwareContextLoaderDelegate)]
12:40:04.965 [Test worker] DEBUG org.springframework.test.context.BootstrapUtils - Instantiating TestContextBootstrapper for test class [asw.springboot.rest.s2.S2ApplicationTests] from class [org.springframework.boot.test.context.SpringBootTestContextBootstrapper]
12:40:05.232 [Test worker] INFO org.springframework.boot.test.context.SpringBootTestContextBootstrapper - Neither @ContextConfiguration nor @ContextHierarchy found for test class [asw.springboot.rest.s2.S2ApplicationTests], using SpringBootContextLoader
12:40:05.279 [Test worker] DEBUG org.springframework.test.context.support.AbstractContextLoader - Did not detect default resource location for test class [asw.springboot.rest.s2.S2ApplicationTests]: class path resource [asw/springboot/rest/s2/S2ApplicationTests-context.xml] does not exist
12:40:05.293 [Test worker] DEBUG org.springframework.test.context.support.AbstractContextLoader - Did not detect default resource location for test class [asw.springboot.rest.s2.S2ApplicationTests]: class path resource [asw/springboot/rest/s2/S2ApplicationTestsContext.groovy] does not exist
12:40:05.293 [Test worker] INFO org.springframework.test.context.support.AbstractContextLoader - Could not detect default resource locations for test class [asw.springboot.rest.s2.S2ApplicationTests]: no resource found for suffixes {-context.xml, Context.groovy}.
12:40:05.303 [Test worker] INFO org.springframework.test.context.support.AnnotationConfigContextLoaderUtils - Could not detect default configuration classes for test class [asw.springboot.rest.s2.S2ApplicationTests]: S2ApplicationTests does not declare any static, non-private, non-final, nested classes annotated with @Configuration.
12:40:05.799 [Test worker] DEBUG org.springframework.test.context.support.ActiveProfilesUtils - Could not find an 'annotation declaring class' for annotation type [org.springframework.test.context.ActiveProfiles] and class [asw.springboot.rest.s2.S2ApplicationTests]
12:40:05.901 [Test worker] DEBUG org.springframework.core.env.StandardEnvironment - Adding [systemProperties] PropertySource with lowest search precedence
12:40:05.902 [Test worker] DEBUG org.springframework.core.env.StandardEnvironment - Adding [systemEnvironment] PropertySource with lowest search precedence
12:40:05.903 [Test worker] DEBUG org.springframework.core.env.StandardEnvironment - Initialized StandardEnvironment with PropertySources [systemProperties,systemEnvironment]
12:40:06.006 [Test worker] DEBUG org.springframework.core.io.support.PathMatchingResourcePatternResolver - Resolved classpath location [asw/springboot/rest/s2/] to resources [URL [file:/home/vagrant/projects/asw-progetto-LRT/s2-service/build/classes/test/asw/springboot/rest/s2/], URL [file:/home/vagrant/projects/asw-progetto-LRT/s2-service/build/classes/main/asw/springboot/rest/s2/]]
12:40:06.010 [Test worker] DEBUG org.springframework.core.io.support.PathMatchingResourcePatternResolver - Looking for matching resources in directory tree [/home/vagrant/projects/asw-progetto-LRT/s2-service/build/classes/test/asw/springboot/rest/s2]
12:40:06.018 [Test worker] DEBUG org.springframework.core.io.support.PathMatchingResourcePatternResolver - Searching directory [/home/vagrant/projects/asw-progetto-LRT/s2-service/build/classes/test/asw/springboot/rest/s2] for files matching pattern [/home/vagrant/projects/asw-progetto-LRT/s2-service/build/classes/test/asw/springboot/rest/s2/*.class]
12:40:06.045 [Test worker] DEBUG org.springframework.core.io.support.PathMatchingResourcePatternResolver - Looking for matching resources in directory tree [/home/vagrant/projects/asw-progetto-LRT/s2-service/build/classes/main/asw/springboot/rest/s2]
12:40:06.051 [Test worker] DEBUG org.springframework.core.io.support.PathMatchingResourcePatternResolver - Searching directory [/home/vagrant/projects/asw-progetto-LRT/s2-service/build/classes/main/asw/springboot/rest/s2] for files matching pattern [/home/vagrant/projects/asw-progetto-LRT/s2-service/build/classes/main/asw/springboot/rest/s2/*.class]
12:40:06.060 [Test worker] DEBUG org.springframework.core.io.support.PathMatchingResourcePatternResolver - Resolved location pattern [classpath*:asw/springboot/rest/s2/*.class] to resources [file [/home/vagrant/projects/asw-progetto-LRT/s2-service/build/classes/test/asw/springboot/rest/s2/S2ApplicationTests.class], file [/home/vagrant/projects/asw-progetto-LRT/s2-service/build/classes/main/asw/springboot/rest/s2/S2Application.class], file [/home/vagrant/projects/asw-progetto-LRT/s2-service/build/classes/main/asw/springboot/rest/s2/S2Controller.class]]
12:40:06.534 [Test worker] DEBUG org.springframework.context.annotation.ClassPathScanningCandidateComponentProvider - Identified candidate component class: file [/home/vagrant/projects/asw-progetto-LRT/s2-service/build/classes/main/asw/springboot/rest/s2/S2Application.class]
12:40:06.623 [Test worker] INFO org.springframework.boot.test.context.SpringBootTestContextBootstrapper - Found @SpringBootConfiguration asw.springboot.rest.s2.S2Application for test class asw.springboot.rest.s2.S2ApplicationTests
12:40:06.638 [Test worker] DEBUG org.springframework.boot.test.context.SpringBootTestContextBootstrapper - @TestExecutionListeners is not present for class [asw.springboot.rest.s2.S2ApplicationTests]: using defaults.
12:40:06.657 [Test worker] INFO org.springframework.boot.test.context.SpringBootTestContextBootstrapper - Loaded default TestExecutionListener class names from location [META-INF/spring.factories]: [org.springframework.boot.test.mock.mockito.MockitoTestExecutionListener, org.springframework.boot.test.mock.mockito.ResetMocksTestExecutionListener, org.springframework.boot.test.autoconfigure.restdocs.RestDocsTestExecutionListener, org.springframework.boot.test.autoconfigure.web.client.MockRestServiceServerResetTestExecutionListener, org.springframework.boot.test.autoconfigure.web.servlet.MockMvcPrintOnlyOnFailureTestExecutionListener, org.springframework.boot.test.autoconfigure.web.servlet.WebDriverTestExecutionListener, org.springframework.test.context.web.ServletTestExecutionListener, org.springframework.test.context.support.DirtiesContextBeforeModesTestExecutionListener, org.springframework.test.context.support.DependencyInjectionTestExecutionListener, org.springframework.test.context.support.DirtiesContextTestExecutionListener, org.springframework.test.context.transaction.TransactionalTestExecutionListener, org.springframework.test.context.jdbc.SqlScriptsTestExecutionListener]
12:40:06.770 [Test worker] INFO org.springframework.boot.test.context.SpringBootTestContextBootstrapper - Could not instantiate TestExecutionListener [org.springframework.test.context.transaction.TransactionalTestExecutionListener]. Specify custom listener classes or make the default listener classes (and their required dependencies) available. Offending class: [org/springframework/transaction/TransactionDefinition]
12:40:06.795 [Test worker] INFO org.springframework.boot.test.context.SpringBootTestContextBootstrapper - Could not instantiate TestExecutionListener [org.springframework.test.context.jdbc.SqlScriptsTestExecutionListener]. Specify custom listener classes or make the default listener classes (and their required dependencies) available. Offending class: [org/springframework/transaction/interceptor/TransactionAttribute]
12:40:06.814 [Test worker] INFO org.springframework.boot.test.context.SpringBootTestContextBootstrapper - Using TestExecutionListeners: [org.springframework.test.context.web.ServletTestExecutionListener@45c30f0, org.springframework.test.context.support.DirtiesContextBeforeModesTestExecutionListener@2a350a0c, org.springframework.boot.test.autoconfigure.SpringBootDependencyInjectionTestExecutionListener@45985885, org.springframework.test.context.support.DirtiesContextTestExecutionListener@694a82e0, org.springframework.boot.test.autoconfigure.restdocs.RestDocsTestExecutionListener@c74e489, org.springframework.boot.test.autoconfigure.web.servlet.WebDriverTestExecutionListener@e13fa61, org.springframework.boot.test.autoconfigure.web.client.MockRestServiceServerResetTestExecutionListener@948c756, org.springframework.boot.test.mock.mockito.ResetMocksTestExecutionListener@3428091d, org.springframework.boot.test.mock.mockito.MockitoTestExecutionListener@1f53e3bd, org.springframework.boot.test.autoconfigure.web.servlet.MockMvcPrintOnlyOnFailureTestExecutionListener@e82c2c4]
12:40:06.844 [Test worker] DEBUG org.springframework.test.annotation.ProfileValueUtils - Retrieved @ProfileValueSourceConfiguration [null] for test class [asw.springboot.rest.s2.S2ApplicationTests]
12:40:06.851 [Test worker] DEBUG org.springframework.test.annotation.ProfileValueUtils - Retrieved ProfileValueSource type [class org.springframework.test.annotation.SystemProfileValueSource] for class [asw.springboot.rest.s2.S2ApplicationTests]
12:40:06.855 [Test worker] DEBUG org.springframework.test.annotation.ProfileValueUtils - Retrieved @ProfileValueSourceConfiguration [null] for test class [asw.springboot.rest.s2.S2ApplicationTests]
12:40:06.858 [Test worker] DEBUG org.springframework.test.annotation.ProfileValueUtils - Retrieved ProfileValueSource type [class org.springframework.test.annotation.SystemProfileValueSource] for class [asw.springboot.rest.s2.S2ApplicationTests]
12:40:06.890 [Test worker] DEBUG org.springframework.test.context.support.AbstractDirtiesContextTestExecutionListener - Before test class: context [DefaultTestContext@3218c7f7 testClass = S2ApplicationTests, testInstance = [null], testMethod = [null], testException = [null], mergedContextConfiguration = [WebMergedContextConfiguration@659c648b testClass = S2ApplicationTests, locations = '{}', classes = '{class asw.springboot.rest.s2.S2Application}', contextInitializerClasses = '[]', activeProfiles = '{}', propertySourceLocations = '{}', propertySourceProperties = '{org.springframework.boot.test.context.SpringBootTestContextBootstrapper=true, server.port=0}', contextCustomizers = set[org.springframework.boot.test.context.SpringBootTestContextCustomizer@53265732, org.springframework.boot.test.context.filter.ExcludeFilterContextCustomizer@fc7fb84, org.springframework.boot.test.mock.mockito.MockitoContextCustomizer@0, org.springframework.boot.test.autoconfigure.properties.PropertyMappingContextCustomizer@0, org.springframework.boot.test.autoconfigure.web.servlet.WebDriverContextCustomizerFactory$Customizer@2f68eefd], resourceBasePath = 'src/main/webapp', contextLoader = 'org.springframework.boot.test.context.SpringBootContextLoader', parent = [null]]], class annotated with @DirtiesContext [false] with mode [null].
12:40:06.897 [Test worker] DEBUG org.springframework.test.annotation.ProfileValueUtils - Retrieved @ProfileValueSourceConfiguration [null] for test class [asw.springboot.rest.s2.S2ApplicationTests]
12:40:06.898 [Test worker] DEBUG org.springframework.test.annotation.ProfileValueUtils - Retrieved ProfileValueSource type [class org.springframework.test.annotation.SystemProfileValueSource] for class [asw.springboot.rest.s2.S2ApplicationTests]
12:40:06.910 [Test worker] DEBUG org.springframework.test.context.support.DependencyInjectionTestExecutionListener - Performing dependency injection for test context [[DefaultTestContext@3218c7f7 testClass = S2ApplicationTests, testInstance = asw.springboot.rest.s2.S2ApplicationTests@35f373b5, testMethod = [null], testException = [null], mergedContextConfiguration = [WebMergedContextConfiguration@659c648b testClass = S2ApplicationTests, locations = '{}', classes = '{class asw.springboot.rest.s2.S2Application}', contextInitializerClasses = '[]', activeProfiles = '{}', propertySourceLocations = '{}', propertySourceProperties = '{org.springframework.boot.test.context.SpringBootTestContextBootstrapper=true, server.port=0}', contextCustomizers = set[org.springframework.boot.test.context.SpringBootTestContextCustomizer@53265732, org.springframework.boot.test.context.filter.ExcludeFilterContextCustomizer@fc7fb84, org.springframework.boot.test.mock.mockito.MockitoContextCustomizer@0, org.springframework.boot.test.autoconfigure.properties.PropertyMappingContextCustomizer@0, org.springframework.boot.test.autoconfigure.web.servlet.WebDriverContextCustomizerFactory$Customizer@2f68eefd], resourceBasePath = 'src/main/webapp', contextLoader = 'org.springframework.boot.test.context.SpringBootContextLoader', parent = [null]]]].
12:40:07.673 [Test worker] DEBUG org.springframework.core.env.StandardEnvironment - Adding [systemProperties] PropertySource with lowest search precedence
12:40:07.674 [Test worker] DEBUG org.springframework.core.env.StandardEnvironment - Adding [systemEnvironment] PropertySource with lowest search precedence
12:40:07.676 [Test worker] DEBUG org.springframework.core.env.StandardEnvironment - Initialized StandardEnvironment with PropertySources [systemProperties,systemEnvironment]
12:40:07.679 [Test worker] DEBUG org.springframework.test.context.support.TestPropertySourceUtils - Adding inlined properties to environment: {spring.jmx.enabled=false, org.springframework.boot.test.context.SpringBootTestContextBootstrapper=true, server.port=0}
12:40:07.683 [Test worker] DEBUG org.springframework.core.env.StandardEnvironment - Adding [Inlined Test Properties] PropertySource with highest search precedence

  .   ____          _            __ _ _
 /\\ / ___'_ __ _ _(_)_ __  __ _ \ \ \ \
( ( )\___ | '_ | '_| | '_ \/ _` | \ \ \ \
 \\/  ___)| |_)| | | | | || (_| |  ) ) ) )
  '  |____| .__|_| |_|_| |_\__, | / / / /
 =========|_|==============|___/=/_/_/_/
 :: Spring Boot ::        (v1.5.2.RELEASE)

2017-05-12 12:40:09.930  INFO 2597 --- [    Test worker] a.springboot.rest.s2.S2ApplicationTests  : Starting S2ApplicationTests on dev with PID 2597 (started by vagrant in /home/vagrant/projects/asw-progetto-LRT/s2-service)
2017-05-12 12:40:09.935  INFO 2597 --- [    Test worker] a.springboot.rest.s2.S2ApplicationTests  : No active profile set, falling back to default profiles: default
2017-05-12 12:40:10.136  INFO 2597 --- [    Test worker] ationConfigEmbeddedWebApplicationContext : Refreshing org.springframework.boot.context.embedded.AnnotationConfigEmbeddedWebApplicationContext@3c719fb0: startup date [Fri May 12 12:40:10 UTC 2017]; root of context hierarchy
2017-05-12 12:40:18.171  INFO 2597 --- [    Test worker] s.b.c.e.t.TomcatEmbeddedServletContainer : Tomcat initialized with port(s): 0 (http)
2017-05-12 12:40:18.246  INFO 2597 --- [    Test worker] o.apache.catalina.core.StandardService   : Starting service Tomcat
2017-05-12 12:40:18.251  INFO 2597 --- [    Test worker] org.apache.catalina.core.StandardEngine  : Starting Servlet Engine: Apache Tomcat/8.5.11
2017-05-12 12:40:19.033  INFO 2597 --- [ost-startStop-1] o.a.c.c.C.[Tomcat].[localhost].[/]       : Initializing Spring embedded WebApplicationContext
2017-05-12 12:40:19.035  INFO 2597 --- [ost-startStop-1] o.s.web.context.ContextLoader            : Root WebApplicationContext: initialization completed in 8903 ms
2017-05-12 12:40:19.634  INFO 2597 --- [ost-startStop-1] o.s.b.w.servlet.ServletRegistrationBean  : Mapping servlet: 'dispatcherServlet' to [/]
2017-05-12 12:40:19.654  INFO 2597 --- [ost-startStop-1] o.s.b.w.servlet.FilterRegistrationBean   : Mapping filter: 'characterEncodingFilter' to: [/*]
2017-05-12 12:40:19.656  INFO 2597 --- [ost-startStop-1] o.s.b.w.servlet.FilterRegistrationBean   : Mapping filter: 'hiddenHttpMethodFilter' to: [/*]
2017-05-12 12:40:19.657  INFO 2597 --- [ost-startStop-1] o.s.b.w.servlet.FilterRegistrationBean   : Mapping filter: 'httpPutFormContentFilter' to: [/*]
2017-05-12 12:40:19.658  INFO 2597 --- [ost-startStop-1] o.s.b.w.servlet.FilterRegistrationBean   : Mapping filter: 'requestContextFilter' to: [/*]
2017-05-12 12:40:22.179  INFO 2597 --- [    Test worker] s.w.s.m.m.a.RequestMappingHandlerAdapter : Looking for @ControllerAdvice: org.springframework.boot.context.embedded.AnnotationConfigEmbeddedWebApplicationContext@3c719fb0: startup date [Fri May 12 12:40:10 UTC 2017]; root of context hierarchy
2017-05-12 12:40:22.737  INFO 2597 --- [    Test worker] s.w.s.m.m.a.RequestMappingHandlerMapping : Mapped "{[/S2/{artista}/{album}]}" onto public java.lang.String asw.springboot.rest.s2.S2Controller.album(java.lang.String,java.lang.String)
2017-05-12 12:40:22.739  INFO 2597 --- [    Test worker] s.w.s.m.m.a.RequestMappingHandlerMapping : Mapped "{[/S2/{artista}]}" onto public java.lang.String asw.springboot.rest.s2.S2Controller.artista(java.lang.String)
2017-05-12 12:40:22.746  INFO 2597 --- [    Test worker] s.w.s.m.m.a.RequestMappingHandlerMapping : Mapped "{[/error],produces=[text/html]}" onto public org.springframework.web.servlet.ModelAndView org.springframework.boot.autoconfigure.web.BasicErrorController.errorHtml(javax.servlet.http.HttpServletRequest,javax.servlet.http.HttpServletResponse)
2017-05-12 12:40:22.749  INFO 2597 --- [    Test worker] s.w.s.m.m.a.RequestMappingHandlerMapping : Mapped "{[/error]}" onto public org.springframework.http.ResponseEntity<java.util.Map<java.lang.String, java.lang.Object>> org.springframework.boot.autoconfigure.web.BasicErrorController.error(javax.servlet.http.HttpServletRequest)
2017-05-12 12:40:23.475  INFO 2597 --- [    Test worker] o.s.w.s.handler.SimpleUrlHandlerMapping  : Mapped URL path [/webjars/**] onto handler of type [class org.springframework.web.servlet.resource.ResourceHttpRequestHandler]
2017-05-12 12:40:23.477  INFO 2597 --- [    Test worker] o.s.w.s.handler.SimpleUrlHandlerMapping  : Mapped URL path [/**] onto handler of type [class org.springframework.web.servlet.resource.ResourceHttpRequestHandler]
2017-05-12 12:40:23.840  INFO 2597 --- [    Test worker] o.s.w.s.handler.SimpleUrlHandlerMapping  : Mapped URL path [/**/favicon.ico] onto handler of type [class org.springframework.web.servlet.resource.ResourceHttpRequestHandler]
2017-05-12 12:40:26.581  INFO 2597 --- [    Test worker] s.b.c.e.t.TomcatEmbeddedServletContainer : Tomcat started on port(s): 50273 (http)
2017-05-12 12:40:26.725  INFO 2597 --- [    Test worker] a.springboot.rest.s2.S2ApplicationTests  : Started S2ApplicationTests in 18.994 seconds (JVM running for 25.7)
]]></system-out>
  <system-err><![CDATA[]]></system-err>
</testsuite>
